WARN  2018-02-04 08:11:41 xim.controller XIMController.cpp:103 IBus natively supported.
WARN  2018-02-04 08:11:44 unity.dash.gsettingsscopereader GSettingsScopes.cpp:108 Error fetching protocol metadata for scope: social.scope : Valid key file could not be found in search dirs
WARN  2018-02-04 08:11:57 unity.glib.dbus.server GLibDBusServer.cpp:593 Can't register object 'com.canonical.Unity.Launcher' yet as we don't have a connection, waiting for it...
WARN  2018-02-04 08:12:01 unity.glib.dbus.server GLibDBusServer.cpp:593 Can't register object 'com.canonical.Unity.Dash' yet as we don't have a connection, waiting for it...
WARN  2018-02-04 08:12:13 unity.glib.dbus.server GLibDBusServer.cpp:593 Can't register object 'org.gnome.SessionManager.EndSessionDialog' yet as we don't have a connection, waiting for it...
WARN  2018-02-04 08:12:13 unity.glib.dbus.server GLibDBusServer.cpp:593 Can't register object 'com.canonical.Unity.Session' yet as we don't have a connection, waiting for it...
WARN  2018-02-04 08:12:13 unity.glib.dbus.server GLibDBusServer.cpp:593 Can't register object 'org.gnome.ScreenSaver' yet as we don't have a connection, waiting for it...
failed to create drawable
compiz (core) - Warn: glXCreatePixmap failed
ERROR 2018-02-04 08:13:12 unity.session.gnome GnomeSessionManager.cpp:420 logind CanHibernate call failed: Timed out waiting for proxy
WARN  2018-02-04 08:13:12 unity.glib.dbus.proxy GLibDBusProxy.cpp:403 Cannot call method CanHibernate: Timed out waiting for proxy
ERROR 2018-02-04 08:13:12 unity.session.gnome GnomeSessionManager.cpp:420 logind CanSuspend call failed: Timed out waiting for proxy
WARN  2018-02-04 08:13:12 unity.glib.dbus.proxy GLibDBusProxy.cpp:403 Cannot call method CanSuspend: Timed out waiting for proxy
ERROR 2018-02-04 08:13:12 unity.session.gnome GnomeSessionManager.cpp:383 Gnome Session call failed: Timed out waiting for proxy
WARN  2018-02-04 08:13:12 unity.glib.dbus.proxy GLibDBusProxy.cpp:403 Cannot call method CanShutdown: Timed out waiting for proxy
ERROR 2018-02-04 08:13:13 unity.glib.dbus.server GLibDBusServer.cpp:538 DBus name lost 'org.gnome.Shell'
ERROR 2018-02-04 08:13:13 unity.glib.dbus.server GLibDBusServer.cpp:538 DBus name lost 'com.canonical.Unity'
WARN  2018-02-04 08:13:13 unity.key.gnome.grabber GnomeKeyGrabber.cpp:108 Trying to grab a disabled action, we skip it
WARN  2018-02-04 08:13:13 unity.key.gnome.grabber GnomeKeyGrabber.cpp:108 Trying to grab a disabled action, we skip it
WARN  2018-02-04 08:13:13 unity.key.gnome.grabber GnomeKeyGrabber.cpp:108 Trying to grab a disabled action, we skip it
WARN  2018-02-04 08:13:13 unity.key.gnome.grabber GnomeKeyGrabber.cpp:108 Trying to grab a disabled action, we skip it
WARN  2018-02-04 08:13:13 unity.key.gnome.grabber GnomeKeyGrabber.cpp:108 Trying to grab a disabled action, we skip it
WARN  2018-02-04 08:13:13 unity.key.gnome.grabber GnomeKeyGrabber.cpp:108 Trying to grab a disabled action, we skip it
WARN  2018-02-04 08:13:13 unity.key.gnome.grabber GnomeKeyGrabber.cpp:108 Trying to grab a disabled action, we skip it
WARN  2018-02-04 08:13:13 unity.key.gnome.grabber GnomeKeyGrabber.cpp:108 Trying to grab a disabled action, we skip it
WARN  2018-02-04 08:13:13 unity.key.gnome.grabber GnomeKeyGrabber.cpp:108 Trying to grab a disabled action, we skip it
WARN  2018-02-04 08:13:13 unity.key.gnome.grabber GnomeKeyGrabber.cpp:108 Trying to grab a disabled action, we skip it
WARN  2018-02-04 08:13:13 unity.glib.dbus.proxy GLibDBusProxy.cpp:487 Calling method "HibernateAllowed" on object path: "/org/freedesktop/UPower" failed: GDBus.Error:org.freedesktop.DBus.Error.UnknownMethod: No such method 'HibernateAllowed'
ERROR 2018-02-04 08:13:13 unity.session.gnome GnomeSessionManager.cpp:400 UPower call failed: GDBus.Error:org.freedesktop.DBus.Error.UnknownMethod: No such method 'HibernateAllowed'
WARN  2018-02-04 08:13:13 unity.glib.dbus.proxy GLibDBusProxy.cpp:487 Calling method "SuspendAllowed" on object path: "/org/freedesktop/UPower" failed: GDBus.Error:org.freedesktop.DBus.Error.UnknownMethod: No such method 'SuspendAllowed'
ERROR 2018-02-04 08:13:13 unity.session.gnome GnomeSessionManager.cpp:400 UPower call failed: GDBus.Error:org.freedesktop.DBus.Error.UnknownMethod: No such method 'SuspendAllowed'
WARN  2018-02-04 08:15:54 unity.dash.view DashView.cpp:1267 Search failed  ''=> Timed out waiting for scope proxy connection
WARN  2018-02-04 08:15:54 unity.dash.scopeproxy ScopeProxy.cpp:516 Could not search '' on home.scope => Timed out waiting for scope proxy connection
WARN  2018-02-04 08:16:24 unity.iconloader IconLoader.cpp:756 Unable to load icon file:/// at size -1x22: Can't open directory
